<?xml version="1.0" encoding="UTF-8"?>
<testng-results ignored="0" total="1" passed="1" failed="0" skipped="0">
  <reporter-output>
  </reporter-output>
  <suite started-at="2021-03-02T12:33:31 GMT" name="Default suite" finished-at="2021-03-02T12:33:50 GMT" duration-ms="19163">
    <groups>
    </groups>
    <test started-at="2021-03-02T12:33:31 GMT" name="Default test" finished-at="2021-03-02T12:33:50 GMT" duration-ms="19163">
      <class name="RegistrationPageTest.RegistrationTestScript">
        <test-method signature="verifySearch()[pri:0, instance:RegistrationPageTest.RegistrationTestScript@ba54932]" started-at="2021-03-02T12:33:31 GMT" name="verifySearch" finished-at="2021-03-02T12:33:50 GMT" duration-ms="19107" status="PASS">
          <reporter-output>
          </reporter-output>
        </test-method> <!-- verifySearch -->
      </class> <!-- RegistrationPageTest.RegistrationTestScript -->
    </test> <!-- Default test -->
  </suite> <!-- Default suite -->
</testng-results>
